{"timestamp":"2025-06-10T11:56:38.558Z","method":"POST","searchQuery":"x","pageNumber":7,"limitNumber":20}
{"timestamp":"2025-06-10T11:56:41.020Z","method":"GET","searchQuery":"x"}
{"timestamp":"2025-06-10T15:36:52.589Z","method":"GET","searchQuery":"racionais","pageNumber":7,"limitNumber":20}
{"timestamp":"2025-06-10T15:37:03.450Z","method":"GET","searchQuery":"elon","pageNumber":7,"limitNumber":20}
{"timestamp":"2025-06-10T15:37:17.475Z","method":"GET","searchQuery":"trump"}
{"timestamp":"2025-06-10T15:37:29.929Z","method":"POST","searchQuery":"x","pageNumber":7,"limitNumber":20}
{"timestamp":"2025-06-12T15:22:12.321Z","method":"GET","searchQuery":"x","pageNumber":1,"limitNumber":20}
{"timestamp":"2025-06-12T15:22:16.161Z","method":"GET","searchQuery":"x","pageNumber":2,"limitNumber":20}
{"timestamp":"2025-06-12T15:22:16.944Z","method":"GET","searchQuery":"x","pageNumber":3,"limitNumber":20}
{"timestamp":"2025-06-12T15:22:17.489Z","method":"GET","searchQuery":"x","pageNumber":4,"limitNumber":20}
{"timestamp":"2025-06-12T15:22:18.548Z","method":"GET","searchQuery":"x","pageNumber":5,"limitNumber":20}
{"timestamp":"2025-06-12T15:22:18.808Z","method":"GET","searchQuery":"x","pageNumber":6,"limitNumber":20}
{"timestamp":"2025-06-12T15:22:19.353Z","method":"GET","searchQuery":"x","pageNumber":7,"limitNumber":20}
{"timestamp":"2025-06-12T15:22:52.823Z","method":"GET","searchQuery":"trump","pageNumber":1,"limitNumber":20}
{"timestamp":"2025-06-12T15:22:53.317Z","method":"GET","searchQuery":"elon","pageNumber":1,"limitNumber":20}
{"timestamp":"2025-06-12T15:22:54.920Z","method":"GET","searchQuery":"racionais","pageNumber":1,"limitNumber":20}
{"timestamp":"2025-06-12T15:23:14.075Z","method":"GET","searchQuery":"x","pageNumber":1,"limitNumber":20}
{"timestamp":"2025-06-12T15:23:23.533Z","method":"GET","searchQuery":"x","pageNumber":1,"limitNumber":20}
{"timestamp":"2025-06-12T15:23:24.170Z","method":"GET","searchQuery":"racionais","pageNumber":1,"limitNumber":20}
{"timestamp":"2025-06-12T15:23:24.172Z","method":"GET","searchQuery":"elon","pageNumber":1,"limitNumber":20}
{"timestamp":"2025-06-12T17:09:50.827Z","method":"GET","searchQuery":"x","pageNumber":2,"limitNumber":10}
{"timestamp":"2025-06-12T17:09:56.632Z","method":"GET","searchQuery":"mano","pageNumber":2,"limitNumber":10}
{"timestamp":"2025-06-12T17:11:39.677Z","method":"POST","searchQuery":"manon","pageNumber":7,"limitNumber":20}
{"timestamp":"2025-06-12T17:12:47.861Z","method":"POST","searchQuery":"manon","pageNumber":7,"limitNumber":20}
{"timestamp":"2025-06-12T17:13:18.049Z","method":"POST","searchQuery":"manon","pageNumber":7,"limitNumber":20}
{"timestamp":"2025-06-12T17:14:26.348Z","method":"POST","searchQuery":"manon","pageNumber":7,"limitNumber":20}
{"timestamp":"2025-06-12T17:16:51.723Z","method":"POST","searchQuery":"manon","pageNumber":7,"limitNumber":20}
{"timestamp":"2025-06-12T17:17:33.425Z","method":"POST","searchQuery":"manon","pageNumber":7,"limitNumber":20}
{"timestamp":"2025-06-12T17:18:26.548Z","method":"POST","searchQuery":"manon","pageNumber":7,"limitNumber":20}
{"timestamp":"2025-06-13T11:01:49.112Z","method":"GET","searchQuery":"x"}
{"timestamp":"2025-06-13T11:13:28.787Z","method":"GET","searchQuery":"x","pageNumber":1}
{"timestamp":"2025-06-13T11:14:49.401Z","method":"GET","searchQuery":"x","pageNumber":1,"limitNumber":10}
{"timestamp":"2025-06-13T11:19:24.915Z","method":"GET","searchQuery":"x","pageNumber":1,"limitNumber":10}
{"timestamp":"2025-06-13T11:22:10.020Z","method":"GET","searchQuery":"x","pageNumber":1,"limitNumber":10}
{"timestamp":"2025-06-13T11:22:18.832Z","method":"GET","searchQuery":"x","pageNumber":2,"limitNumber":10}
{"timestamp":"2025-06-13T11:22:19.648Z","method":"GET","searchQuery":"x","pageNumber":3,"limitNumber":10}
{"timestamp":"2025-06-13T11:22:30.556Z","method":"GET","searchQuery":"q","pageNumber":1,"limitNumber":10}
{"timestamp":"2025-06-13T11:22:37.459Z","method":"GET","searchQuery":"A","pageNumber":1,"limitNumber":10}
{"timestamp":"2025-06-13T11:22:37.573Z","method":"GET","searchQuery":"Ame","pageNumber":1,"limitNumber":10}
{"timestamp":"2025-06-13T11:22:37.598Z","method":"GET","searchQuery":"Am","pageNumber":1,"limitNumber":10}
{"timestamp":"2025-06-13T11:22:38.052Z","method":"GET","searchQuery":"Amer","pageNumber":1,"limitNumber":10}
{"timestamp":"2025-06-13T11:22:38.165Z","method":"GET","searchQuery":"Ameri","pageNumber":1,"limitNumber":10}
{"timestamp":"2025-06-13T11:22:38.328Z","method":"GET","searchQuery":"Americ","pageNumber":1,"limitNumber":10}
{"timestamp":"2025-06-13T11:22:38.472Z","method":"GET","searchQuery":"America","pageNumber":1,"limitNumber":10}
{"timestamp":"2025-06-13T11:22:38.531Z","method":"GET","searchQuery":"American","pageNumber":1,"limitNumber":10}
{"timestamp":"2025-06-13T11:27:08.072Z","method":"GET","searchQuery":"American","pageNumber":1,"limitNumber":10}
{"timestamp":"2025-06-13T11:27:20.390Z","method":"GET","searchQuery":"x","pageNumber":1,"limitNumber":10}
{"timestamp":"2025-06-13T11:27:21.672Z","method":"GET","searchQuery":"x","pageNumber":1,"limitNumber":10}
{"timestamp":"2025-06-13T11:27:29.784Z","method":"GET","searchQuery":"t","pageNumber":1,"limitNumber":10}
{"timestamp":"2025-06-13T11:27:29.962Z","method":"GET","searchQuery":"te","pageNumber":1,"limitNumber":10}
{"timestamp":"2025-06-13T11:28:03.840Z","method":"GET","searchQuery":"s","pageNumber":1,"limitNumber":10}
{"timestamp":"2025-06-13T11:28:04.480Z","method":"GET","searchQuery":"sa","pageNumber":1,"limitNumber":10}
{"timestamp":"2025-06-13T11:28:05.130Z","method":"GET","searchQuery":"sa","pageNumber":1,"limitNumber":10}
{"timestamp":"2025-06-13T11:53:49.395Z","method":"GET","searchQuery":"x","pageNumber":1,"limitNumber":10}
{"timestamp":"2025-06-13T11:54:01.593Z","method":"GET","searchQuery":"tra","pageNumber":1,"limitNumber":10}
{"timestamp":"2025-06-13T11:54:13.500Z","method":"GET","searchQuery":"gene","pageNumber":2,"limitNumber":10}
{"timestamp":"2025-06-13T11:54:15.420Z","method":"GET","searchQuery":"gene","pageNumber":1,"limitNumber":10}
{"timestamp":"2025-06-13T11:54:21.257Z","method":"GET","searchQuery":"x","pageNumber":1,"limitNumber":10}
{"timestamp":"2025-06-13T11:54:24.547Z","method":"GET","searchQuery":"x","pageNumber":2,"limitNumber":10}
{"timestamp":"2025-06-13T11:54:25.283Z","method":"GET","searchQuery":"x","pageNumber":3,"limitNumber":10}
{"timestamp":"2025-06-13T11:54:26.028Z","method":"GET","searchQuery":"x","pageNumber":4,"limitNumber":10}
{"timestamp":"2025-06-13T11:54:26.459Z","method":"GET","searchQuery":"x","pageNumber":5,"limitNumber":10}
{"timestamp":"2025-06-13T11:54:27.313Z","method":"GET","searchQuery":"x","pageNumber":6,"limitNumber":10}
{"timestamp":"2025-06-13T11:54:28.839Z","method":"GET","searchQuery":"x","pageNumber":5,"limitNumber":10}
{"timestamp":"2025-06-13T11:54:29.428Z","method":"GET","searchQuery":"x","pageNumber":4,"limitNumber":10}
{"timestamp":"2025-06-13T11:54:29.983Z","method":"GET","searchQuery":"x","pageNumber":3,"limitNumber":10}
{"timestamp":"2025-06-13T11:54:30.433Z","method":"GET","searchQuery":"x","pageNumber":2,"limitNumber":10}
{"timestamp":"2025-06-13T11:55:32.978Z","method":"GET","searchQuery":"x","pageNumber":1,"limitNumber":10}
{"timestamp":"2025-06-13T12:01:36.728Z","method":"GET","searchQuery":"x","pageNumber":1,"limitNumber":10}
{"timestamp":"2025-06-13T12:01:43.373Z","method":"GET","searchQuery":"x","pageNumber":1,"limitNumber":10}
{"timestamp":"2025-06-13T12:04:01.068Z","method":"GET","searchQuery":"x","pageNumber":1,"limitNumber":10}
{"timestamp":"2025-06-13T12:06:19.987Z","method":"GET","searchQuery":"x","pageNumber":1,"limitNumber":10}
{"timestamp":"2025-06-13T12:07:05.619Z","method":"GET","searchQuery":"x","pageNumber":1,"limitNumber":10}
{"timestamp":"2025-06-13T12:12:15.874Z","method":"GET","searchQuery":"x","pageNumber":1,"limitNumber":10}
{"timestamp":"2025-06-13T12:15:09.094Z","method":"GET","searchQuery":"x","pageNumber":1,"limitNumber":10}
{"timestamp":"2025-06-13T12:15:14.795Z","method":"GET","searchQuery":"x","pageNumber":1,"limitNumber":10}
{"timestamp":"2025-06-13T12:15:28.671Z","method":"GET","searchQuery":"2022","pageNumber":2,"limitNumber":10}
{"timestamp":"2025-06-13T12:15:34.322Z","method":"GET","searchQuery":"2022","pageNumber":1,"limitNumber":10}
{"timestamp":"2025-06-13T12:15:38.498Z","method":"GET","searchQuery":"q","pageNumber":1,"limitNumber":10}
{"timestamp":"2025-06-13T12:15:40.162Z","method":"GET","searchQuery":"q","pageNumber":2,"limitNumber":10}
{"timestamp":"2025-06-13T12:19:57.529Z","method":"GET","searchQuery":"x","pageNumber":1,"limitNumber":10}
{"timestamp":"2025-06-13T12:20:00.933Z","method":"GET","searchQuery":"x","pageNumber":2,"limitNumber":10}
{"timestamp":"2025-06-13T12:20:01.651Z","method":"GET","searchQuery":"x","pageNumber":1,"limitNumber":10}
{"timestamp":"2025-06-13T12:23:37.712Z","method":"GET","searchQuery":"x","pageNumber":1,"limitNumber":10}
{"timestamp":"2025-06-13T12:26:32.255Z","method":"GET","searchQuery":"x","pageNumber":2,"limitNumber":10}
{"timestamp":"2025-06-13T12:26:34.210Z","method":"GET","searchQuery":"x","pageNumber":1,"limitNumber":10}
{"timestamp":"2025-06-13T12:26:36.853Z","method":"GET","searchQuery":"x","pageNumber":2,"limitNumber":10}
{"timestamp":"2025-06-13T12:26:41.632Z","method":"GET","searchQuery":"x","pageNumber":1,"limitNumber":10}
{"timestamp":"2025-06-13T12:28:17.145Z","method":"GET","searchQuery":"trump","pageNumber":1,"limitNumber":10}
{"timestamp":"2025-06-13T12:28:21.012Z","method":"GET","searchQuery":"trump","pageNumber":2,"limitNumber":10}
{"timestamp":"2025-06-13T12:28:23.419Z","method":"GET","searchQuery":"trump","pageNumber":1,"limitNumber":10}
{"timestamp":"2025-06-13T12:28:38.612Z","method":"GET","searchQuery":"trump","pageNumber":2,"limitNumber":10}
{"timestamp":"2025-06-13T12:31:03.490Z","method":"GET","searchQuery":"x","pageNumber":1,"limitNumber":10}
{"timestamp":"2025-06-13T12:33:13.610Z","method":"GET","searchQuery":"megaman","pageNumber":1,"limitNumber":10}
{"timestamp":"2025-06-13T12:33:16.820Z","method":"GET","searchQuery":"megaman","pageNumber":2,"limitNumber":10}
{"timestamp":"2025-06-13T12:33:32.068Z","method":"GET","searchQuery":"megaman","pageNumber":1,"limitNumber":10}
{"timestamp":"2025-06-13T12:33:42.462Z","method":"GET","searchQuery":"megaman","pageNumber":2,"limitNumber":10}
{"timestamp":"2025-06-13T12:33:43.220Z","method":"GET","searchQuery":"megaman","pageNumber":1,"limitNumber":10}
{"timestamp":"2025-06-13T12:48:36.513Z","method":"GET","searchQuery":"megaman","pageNumber":2,"limitNumber":10}
{"timestamp":"2025-06-13T12:48:37.361Z","method":"GET","searchQuery":"megaman","pageNumber":1,"limitNumber":10}
{"timestamp":"2025-06-13T13:22:22.791Z","method":"GET","searchQuery":"q","pageNumber":1,"limitNumber":10}
{"timestamp":"2025-06-13T13:45:12.263Z","method":"GET","searchQuery":"x","pageNumber":1,"limitNumber":10}
{"timestamp":"2025-06-13T13:50:24.501Z","method":"GET","searchQuery":"x","pageNumber":1,"limitNumber":10}
